Info: Starting: Create block symbol file (.bsf)
Info: qsys-generate C:\Users\shobh\OneDrive\Desktop\EE705\motion_processor\motion_nios.qsys --block-symbol-file --output-directory=C:\Users\shobh\OneDrive\Desktop\EE705\motion_processor\motion_nios --family="Cyclone IV E" --part=EP4CE22F17C6
Progress: Loading motion_processor/motion_nios.qsys
Progress: Reading input file
Progress: Adding clk_0 [clock_source 18.1]
Progress: Parameterizing module clk_0
Progress: Adding madgwick_filter_0 [madgwick_filter 1.0]
Progress: Parameterizing module madgwick_filter_0
Progress: Adding nios2_gen2_0 [altera_nios2_gen2 18.1]
Progress: Parameterizing module nios2_gen2_0
Progress: Adding onchip_memory2_0 [altera_avalon_onchip_memory2 18.1]
Progress: Parameterizing module onchip_memory2_0
Progress: Building connections
Progress: Parameterizing connections
Progress: Validating
Progress: Done reading input file
Info: qsys-generate succeeded.
Info: Finished: Create block symbol file (.bsf)
Info: 
Info: Starting: Create HDL design files for synthesis
Info: qsys-generate C:\Users\shobh\OneDrive\Desktop\EE705\motion_processor\motion_nios.qsys --synthesis=VERILOG --output-directory=C:\Users\shobh\OneDrive\Desktop\EE705\motion_processor\motion_nios\synthesis --family="Cyclone IV E" --part=EP4CE22F17C6
Progress: Loading motion_processor/motion_nios.qsys
Progress: Reading input file
Progress: Adding clk_0 [clock_source 18.1]
Progress: Parameterizing module clk_0
Progress: Adding madgwick_filter_0 [madgwick_filter 1.0]
Progress: Parameterizing module madgwick_filter_0
Progress: Adding nios2_gen2_0 [altera_nios2_gen2 18.1]
Progress: Parameterizing module nios2_gen2_0
Progress: Adding onchip_memory2_0 [altera_avalon_onchip_memory2 18.1]
Progress: Parameterizing module onchip_memory2_0
Progress: Building connections
Progress: Parameterizing connections
Progress: Validating
Progress: Done reading input file
Info: motion_nios: Generating motion_nios "motion_nios" for QUARTUS_SYNTH
Info: madgwick_filter_0: "motion_nios" instantiated madgwick_filter "madgwick_filter_0"
Info: nios2_gen2_0: "motion_nios" instantiated altera_nios2_gen2 "nios2_gen2_0"
Info: onchip_memory2_0: Starting RTL generation for module 'motion_nios_onchip_memory2_0'
Info: onchip_memory2_0:   Generation command is [exec C:/intelfpga_lite/18.1/quartus/bin64/perl/bin/perl.exe -I C:/intelfpga_lite/18.1/quartus/bin64/perl/lib -I C:/intelfpga_lite/18.1/quartus/sopc_builder/bin/europa -I C:/intelfpga_lite/18.1/quartus/sopc_builder/bin/perl_lib -I C:/intelfpga_lite/18.1/quartus/sopc_builder/bin -I C:/intelfpga_lite/18.1/quartus/../ip/altera/sopc_builder_ip/common -I C:/intelfpga_lite/18.1/quartus/../ip/altera/sopc_builder_ip/altera_avalon_onchip_memory2 -- C:/intelfpga_lite/18.1/quartus/../ip/altera/sopc_builder_ip/altera_avalon_onchip_memory2/generate_rtl.pl --name=motion_nios_onchip_memory2_0 --dir=C:/Users/shobh/AppData/Local/Temp/alt9849_8474821918464156023.dir/0004_onchip_memory2_0_gen/ --quartus_dir=C:/intelfpga_lite/18.1/quartus --verilog --config=C:/Users/shobh/AppData/Local/Temp/alt9849_8474821918464156023.dir/0004_onchip_memory2_0_gen//motion_nios_onchip_memory2_0_component_configuration.pl  --do_build_sim=0  ]
Info: onchip_memory2_0: Done RTL generation for module 'motion_nios_onchip_memory2_0'
Info: onchip_memory2_0: "motion_nios" instantiated altera_avalon_onchip_memory2 "onchip_memory2_0"
Info: avalon_st_adapter: Inserting error_adapter: error_adapter_0
Info: avalon_st_adapter_001: Inserting error_adapter: error_adapter_0
Info: avalon_st_adapter_002: Inserting error_adapter: error_adapter_0
Info: mm_interconnect_0: "motion_nios" instantiated altera_mm_interconnect "mm_interconnect_0"
Info: irq_mapper: "motion_nios" instantiated altera_irq_mapper "irq_mapper"
Info: rst_controller: "motion_nios" instantiated altera_reset_controller "rst_controller"
Info: cpu: Starting RTL generation for module 'motion_nios_nios2_gen2_0_cpu'
Info: cpu:   Generation command is [exec C:/intelFPGA_lite/18.1/quartus/bin64//eperlcmd.exe -I C:/intelFPGA_lite/18.1/quartus/bin64//perl/lib -I C:/intelfpga_lite/18.1/quartus/sopc_builder/bin/europa -I C:/intelfpga_lite/18.1/quartus/sopc_builder/bin/perl_lib -I C:/intelfpga_lite/18.1/quartus/sopc_builder/bin -I C:/intelfpga_lite/18.1/quartus/../ip/altera/nios2_ip/altera_nios2_gen2/cpu_lib -I C:/intelfpga_lite/18.1/quartus/../ip/altera/nios2_ip/altera_nios2_gen2/nios_lib -I C:/intelfpga_lite/18.1/quartus/../ip/altera/nios2_ip/altera_nios2_gen2 -I C:/intelfpga_lite/18.1/quartus/../ip/altera/nios2_ip/altera_nios2_gen2 -- C:/intelfpga_lite/18.1/quartus/../ip/altera/nios2_ip/altera_nios2_gen2/generate_rtl.epl --name=motion_nios_nios2_gen2_0_cpu --dir=C:/Users/shobh/AppData/Local/Temp/alt9849_8474821918464156023.dir/0007_cpu_gen/ --quartus_bindir=C:/intelFPGA_lite/18.1/quartus/bin64/ --verilog --config=C:/Users/shobh/AppData/Local/Temp/alt9849_8474821918464156023.dir/0007_cpu_gen//motion_nios_nios2_gen2_0_cpu_processor_configuration.pl  --do_build_sim=0  ]
Info: cpu: # 2024.05.06 10:26:24 (*) Starting Nios II generation
Info: cpu: # 2024.05.06 10:26:24 (*)   Checking for plaintext license.
Info: cpu: # 2024.05.06 10:26:25 (*)   Couldn't query license setup in Quartus directory C:/intelFPGA_lite/18.1/quartus/bin64/
Info: cpu: # 2024.05.06 10:26:25 (*)   Defaulting to contents of LM_LICENSE_FILE environment variable
Info: cpu: # 2024.05.06 10:26:25 (*)   LM_LICENSE_FILE environment variable is empty
Info: cpu: # 2024.05.06 10:26:25 (*)   Plaintext license not found.
Info: cpu: # 2024.05.06 10:26:25 (*)   No license required to generate encrypted Nios II/e.
Info: cpu: # 2024.05.06 10:26:25 (*)   Elaborating CPU configuration settings
Info: cpu: # 2024.05.06 10:26:25 (*)   Creating all objects for CPU
Info: cpu: # 2024.05.06 10:26:26 (*)   Generating RTL from CPU objects
Info: cpu: # 2024.05.06 10:26:26 (*)   Creating plain-text RTL
Info: cpu: # 2024.05.06 10:26:27 (*) Done Nios II generation
Info: cpu: Done RTL generation for module 'motion_nios_nios2_gen2_0_cpu'
Info: cpu: "nios2_gen2_0" instantiated altera_nios2_gen2_unit "cpu"
Info: nios2_gen2_0_data_master_translator: "mm_interconnect_0" instantiated altera_merlin_master_translator "nios2_gen2_0_data_master_translator"
Info: madgwick_filter_0_avalon_slave_0_translator: "mm_interconnect_0" instantiated altera_merlin_slave_translator "madgwick_filter_0_avalon_slave_0_translator"
Info: nios2_gen2_0_data_master_agent: "mm_interconnect_0" instantiated altera_merlin_master_agent "nios2_gen2_0_data_master_agent"
Info: madgwick_filter_0_avalon_slave_0_agent: "mm_interconnect_0" instantiated altera_merlin_slave_agent "madgwick_filter_0_avalon_slave_0_agent"
Info: madgwick_filter_0_avalon_slave_0_agent_rsp_fifo: "mm_interconnect_0" instantiated altera_avalon_sc_fifo "madgwick_filter_0_avalon_slave_0_agent_rsp_fifo"
Info: router: "mm_interconnect_0" instantiated altera_merlin_router "router"
Info: router_002: "mm_interconnect_0" instantiated altera_merlin_router "router_002"
Info: cmd_demux: "mm_interconnect_0" instantiated altera_merlin_demultiplexer "cmd_demux"
Info: cmd_mux: "mm_interconnect_0" instantiated altera_merlin_multiplexer "cmd_mux"
Info: rsp_demux: "mm_interconnect_0" instantiated altera_merlin_demultiplexer "rsp_demux"
Info: rsp_mux: "mm_interconnect_0" instantiated altera_merlin_multiplexer "rsp_mux"
Info: Reusing file C:/Users/shobh/OneDrive/Desktop/EE705/motion_processor/motion_nios/synthesis/submodules/altera_merlin_arbitrator.sv
Info: avalon_st_adapter: "mm_interconnect_0" instantiated altera_avalon_st_adapter "avalon_st_adapter"
Info: error_adapter_0: "avalon_st_adapter" instantiated error_adapter "error_adapter_0"
Info: motion_nios: Done "motion_nios" with 21 modules, 39 files
Info: qsys-generate succeeded.
Info: Finished: Create HDL design files for synthesis
